TN:
SF:app.js
FN:11,(anonymous_0)
FN:16,(anonymous_1)
FN:29,(anonymous_2)
FN:37,(anonymous_3)
FN:47,(anonymous_4)
FN:54,(anonymous_5)
FNF:6
FNH:5
FNDA:1,(anonymous_0)
FNDA:3,(anonymous_1)
FNDA:3,(anonymous_2)
FNDA:2,(anonymous_3)
FNDA:1,(anonymous_4)
FNDA:0,(anonymous_5)
DA:1,1
DA:2,1
DA:3,1
DA:5,1
DA:6,1
DA:8,1
DA:11,1
DA:12,1
DA:16,1
DA:17,3
DA:19,3
DA:20,1
DA:23,2
DA:24,2
DA:25,2
DA:29,1
DA:30,3
DA:33,3
DA:34,1
DA:37,2
DA:38,2
DA:39,1
DA:42,1
DA:43,1
DA:47,1
DA:48,1
DA:52,1
DA:53,0
DA:54,0
DA:58,1
LF:30
LH:28
BRDA:19,0,0,1
BRDA:19,0,1,2
BRDA:19,1,0,3
BRDA:19,1,1,2
BRDA:33,2,0,1
BRDA:33,2,1,2
BRDA:38,3,0,1
BRDA:38,3,1,1
BRDA:52,4,0,0
BRDA:52,4,1,1
BRF:10
BRH:9
end_of_record
