TN:
SF:app.js
FN:11,(anonymous_0)
FN:16,(anonymous_1)
FN:29,(anonymous_2)
FN:32,(anonymous_3)
FN:42,(anonymous_4)
FN:49,(anonymous_5)
FNF:6
FNH:4
FNDA:1,(anonymous_0)
FNDA:3,(anonymous_1)
FNDA:2,(anonymous_2)
FNDA:2,(anonymous_3)
FNDA:0,(anonymous_4)
FNDA:0,(anonymous_5)
DA:1,1
DA:2,1
DA:3,1
DA:5,1
DA:6,1
DA:8,1
DA:11,1
DA:12,1
DA:16,1
DA:17,3
DA:19,3
DA:20,1
DA:23,2
DA:24,2
DA:25,2
DA:29,1
DA:30,2
DA:32,2
DA:33,2
DA:34,1
DA:37,1
DA:38,1
DA:42,1
DA:43,0
DA:47,1
DA:48,0
DA:49,0
DA:53,1
LF:28
LH:25
BRDA:19,0,0,1
BRDA:19,0,1,2
BRDA:19,1,0,3
BRDA:19,1,1,2
BRDA:33,2,0,1
BRDA:33,2,1,1
BRDA:47,3,0,0
BRDA:47,3,1,1
BRF:8
BRH:7
end_of_record
